
/home/runner/work/exp-basic-control-flow-iiith/exp-basic-control-flow-iiith/experiment/simulation/simulation/IfElse/basicControlFlow.js
   30:7   warning  'view' is not defined   no-undef
   33:7   warning  'view' is not defined   no-undef
   36:7   warning  'view' is not defined   no-undef
   39:7   warning  'view' is not defined   no-undef
   42:7   warning  'view' is not defined   no-undef
  104:10  warning  'i' is not defined      no-undef
  104:17  warning  'i' is not defined      no-undef
  104:38  warning  'i' is not defined      no-undef
  105:37  warning  'i' is not defined      no-undef
  112:10  warning  'i' is not defined      no-undef
  112:17  warning  'i' is not defined      no-undef
  112:38  warning  'i' is not defined      no-undef
  113:38  warning  'i' is not defined      no-undef
  184:5   warning  'model' is not defined  no-undef
  185:5   warning  'model' is not defined  no-undef
  319:5   warning  'model' is not defined  no-undef
  320:5   warning  'model' is not defined  no-undef
  324:37  warning  'model' is not defined  no-undef
  325:37  warning  'model' is not defined  no-undef
  326:21  warning  'model' is not defined  no-undef
  326:37  warning  'model' is not defined  no-undef
  329:7   warning  'model' is not defined  no-undef
  330:7   warning  'model' is not defined  no-undef
  405:18  warning  'model' is not defined  no-undef
  415:18  warning  'model' is not defined  no-undef
  425:18  warning  'model' is not defined  no-undef
  435:18  warning  'model' is not defined  no-undef
  446:11  warning  'model' is not defined  no-undef
  447:11  warning  'model' is not defined  no-undef
  448:11  warning  'model' is not defined  no-undef
  449:11  warning  'model' is not defined  no-undef
  480:7   warning  'model' is not defined  no-undef
  485:7   warning  'model' is not defined  no-undef
  490:7   warning  'model' is not defined  no-undef
  495:13  warning  'model' is not defined  no-undef
  496:7   warning  'model' is not defined  no-undef
  501:13  warning  'model' is not defined  no-undef
  502:7   warning  'model' is not defined  no-undef
  507:7   warning  'model' is not defined  no-undef
  512:7   warning  'model' is not defined  no-undef
  517:7   warning  'model' is not defined  no-undef
  522:13  warning  'model' is not defined  no-undef
  523:7   warning  'model' is not defined  no-undef
  528:13  warning  'model' is not defined  no-undef
  529:7   warning  'model' is not defined  no-undef
  530:13  warning  'model' is not defined  no-undef
  531:7   warning  'model' is not defined  no-undef
  538:13  warning  'model' is not defined  no-undef
  539:7   warning  'model' is not defined  no-undef
  540:13  warning  'model' is not defined  no-undef
  541:7   warning  'model' is not defined  no-undef
  546:15  warning  'model' is not defined  no-undef
  547:9   warning  'model' is not defined  no-undef
  548:15  warning  'model' is not defined  no-undef
  549:9   warning  'model' is not defined  no-undef
  562:15  warning  'model' is not defined  no-undef
  563:9   warning  'model' is not defined  no-undef
  564:15  warning  'model' is not defined  no-undef
  565:9   warning  'model' is not defined  no-undef

/home/runner/work/exp-basic-control-flow-iiith/exp-basic-control-flow-iiith/experiment/simulation/simulation/SwitchCase/basicControlFlow.js
   20:50  warning  'view' is not defined   no-undef
   21:50  warning  'view' is not defined   no-undef
   22:50  warning  'view' is not defined   no-undef
   23:50  warning  'view' is not defined   no-undef
   24:50  warning  'view' is not defined   no-undef
   25:50  warning  'view' is not defined   no-undef
   26:50  warning  'view' is not defined   no-undef
   27:50  warning  'view' is not defined   no-undef
   28:49  warning  'view' is not defined   no-undef
   29:48  warning  'view' is not defined   no-undef
   30:49  warning  'view' is not defined   no-undef
   33:1   warning  Mixed spaces and tabs   no-mixed-spaces-and-tabs
   34:1   warning  Mixed spaces and tabs   no-mixed-spaces-and-tabs
   35:1   warning  Mixed spaces and tabs   no-mixed-spaces-and-tabs
   36:1   warning  Mixed spaces and tabs   no-mixed-spaces-and-tabs
   37:4   warning  Mixed spaces and tabs   no-mixed-spaces-and-tabs
   38:4   warning  Mixed spaces and tabs   no-mixed-spaces-and-tabs
   39:4   warning  Mixed spaces and tabs   no-mixed-spaces-and-tabs
   40:4   warning  Mixed spaces and tabs   no-mixed-spaces-and-tabs
   41:4   warning  Mixed spaces and tabs   no-mixed-spaces-and-tabs
   42:4   warning  Mixed spaces and tabs   no-mixed-spaces-and-tabs
   43:4   warning  Mixed spaces and tabs   no-mixed-spaces-and-tabs
   44:4   warning  Mixed spaces and tabs   no-mixed-spaces-and-tabs
   45:4   warning  Mixed spaces and tabs   no-mixed-spaces-and-tabs
   46:4   warning  Mixed spaces and tabs   no-mixed-spaces-and-tabs
   47:4   warning  Mixed spaces and tabs   no-mixed-spaces-and-tabs
   48:4   warning  Mixed spaces and tabs   no-mixed-spaces-and-tabs
   49:4   warning  Mixed spaces and tabs   no-mixed-spaces-and-tabs
   53:4   warning  Mixed spaces and tabs   no-mixed-spaces-and-tabs
   54:4   warning  Mixed spaces and tabs   no-mixed-spaces-and-tabs
  103:11  warning  'model' is not defined  no-undef
  106:2   warning  Mixed spaces and tabs   no-mixed-spaces-and-tabs
  108:2   warning  Mixed spaces and tabs   no-mixed-spaces-and-tabs
  109:2   warning  Mixed spaces and tabs   no-mixed-spaces-and-tabs
  111:2   warning  Mixed spaces and tabs   no-mixed-spaces-and-tabs
  112:2   warning  Mixed spaces and tabs   no-mixed-spaces-and-tabs
  114:2   warning  Mixed spaces and tabs   no-mixed-spaces-and-tabs
  115:2   warning  Mixed spaces and tabs   no-mixed-spaces-and-tabs
  117:2   warning  Mixed spaces and tabs   no-mixed-spaces-and-tabs
  118:2   warning  Mixed spaces and tabs   no-mixed-spaces-and-tabs
  120:2   warning  Mixed spaces and tabs   no-mixed-spaces-and-tabs
  121:2   warning  Mixed spaces and tabs   no-mixed-spaces-and-tabs
  123:2   warning  Mixed spaces and tabs   no-mixed-spaces-and-tabs
  124:2   warning  Mixed spaces and tabs   no-mixed-spaces-and-tabs
  125:2   warning  Mixed spaces and tabs   no-mixed-spaces-and-tabs
  126:2   warning  Mixed spaces and tabs   no-mixed-spaces-and-tabs
  127:8   warning  Mixed spaces and tabs   no-mixed-spaces-and-tabs
  140:4   warning  'model' is not defined  no-undef
  141:33  warning  'model' is not defined  no-undef
  156:7   warning  'x' is not defined      no-undef
  156:14  warning  'x' is not defined      no-undef
  156:36  warning  'x' is not defined      no-undef
  157:14  warning  'x' is not defined      no-undef
  174:3   warning  'model' is not defined  no-undef
  213:1   warning  Mixed spaces and tabs   no-mixed-spaces-and-tabs
  214:1   warning  Mixed spaces and tabs   no-mixed-spaces-and-tabs
  219:7   warning  Mixed spaces and tabs   no-mixed-spaces-and-tabs
  222:1   warning  Mixed spaces and tabs   no-mixed-spaces-and-tabs
  224:12  warning  'model' is not defined  no-undef
  224:33  warning  'model' is not defined  no-undef
  225:1   warning  Mixed spaces and tabs   no-mixed-spaces-and-tabs
  227:1   warning  Mixed spaces and tabs   no-mixed-spaces-and-tabs
  228:1   warning  Mixed spaces and tabs   no-mixed-spaces-and-tabs
  231:1   warning  Mixed spaces and tabs   no-mixed-spaces-and-tabs
  232:1   warning  Mixed spaces and tabs   no-mixed-spaces-and-tabs
  233:8   warning  'model' is not defined  no-undef
  234:1   warning  Mixed spaces and tabs   no-mixed-spaces-and-tabs
  236:1   warning  Mixed spaces and tabs   no-mixed-spaces-and-tabs
  238:1   warning  Mixed spaces and tabs   no-mixed-spaces-and-tabs
  241:1   warning  Mixed spaces and tabs   no-mixed-spaces-and-tabs
  242:1   warning  Mixed spaces and tabs   no-mixed-spaces-and-tabs
  243:1   warning  Mixed spaces and tabs   no-mixed-spaces-and-tabs
  243:8   warning  'model' is not defined  no-undef
  244:1   warning  Mixed spaces and tabs   no-mixed-spaces-and-tabs
  248:1   warning  Mixed spaces and tabs   no-mixed-spaces-and-tabs
  249:1   warning  Mixed spaces and tabs   no-mixed-spaces-and-tabs
  254:1   warning  Mixed spaces and tabs   no-mixed-spaces-and-tabs
  264:2   warning  'view' is not defined   no-undef

✖ 137 problems (0 errors, 137 warnings)

